0 info it worked if it ends with ok
1 verbose cli [ '/usr/local/bin/node', '/usr/local/bin/npm', 'run', 'build' ]
2 info using npm@3.3.12
3 info using node@v4.2.1
4 verbose run-script [ 'prebuild', 'build', 'postbuild' ]
5 info lifecycle @micahgodbolt/metalsmith-starter@2.0.0~prebuild: @micahgodbolt/metalsmith-starter@2.0.0
6 silly lifecycle @micahgodbolt/metalsmith-starter@2.0.0~prebuild: no script for prebuild, continuing
7 info lifecycle @micahgodbolt/metalsmith-starter@2.0.0~build: @micahgodbolt/metalsmith-starter@2.0.0
8 verbose lifecycle @micahgodbolt/metalsmith-starter@2.0.0~build: unsafe-perm in lifecycle true
9 verbose lifecycle @micahgodbolt/metalsmith-starter@2.0.0~build: PATH: /usr/local/lib/node_modules/npm/bin/node-gyp-bin:/Users/mgodbolt/Sites/metalsmith-starter/node_modules/.bin:/Users/mgodbolt/.composer/vendor/bin:/Applications/MAMP/Library/bin:/Users/mgodbolt/.rbenv/shims:/usr/local/bin:/usr/bin:/bin:/usr/sbin:/sbin:/usr/local/bin:/Users/mgodbolt/bin:/Users/mgodbolt/Documents/adt-bundle-mac-x86_64-20140702/sdk/platform-tools:/opt/X11/bin:/Users/mgodbolt/bin
10 verbose lifecycle @micahgodbolt/metalsmith-starter@2.0.0~build: CWD: /Users/mgodbolt/Sites/metalsmith-starter
11 silly lifecycle @micahgodbolt/metalsmith-starter@2.0.0~build: Args: [ '-c', 'node metalsmith.js' ]
12 silly lifecycle @micahgodbolt/metalsmith-starter@2.0.0~build: Returned: code: 1  signal: null
13 info lifecycle @micahgodbolt/metalsmith-starter@2.0.0~build: Failed to exec build script
14 verbose stack Error: @micahgodbolt/metalsmith-starter@2.0.0 build: `node metalsmith.js`
14 verbose stack Exit status 1
14 verbose stack     at EventEmitter.<anonymous> (/usr/local/lib/node_modules/npm/lib/utils/lifecycle.js:232:16)
14 verbose stack     at emitTwo (events.js:87:13)
14 verbose stack     at EventEmitter.emit (events.js:172:7)
14 verbose stack     at ChildProcess.<anonymous> (/usr/local/lib/node_modules/npm/lib/utils/spawn.js:24:14)
14 verbose stack     at emitTwo (events.js:87:13)
14 verbose stack     at ChildProcess.emit (events.js:172:7)
14 verbose stack     at maybeClose (internal/child_process.js:818:16)
14 verbose stack     at Process.ChildProcess._handle.onexit (internal/child_process.js:211:5)
15 verbose pkgid @micahgodbolt/metalsmith-starter@2.0.0
16 verbose cwd /Users/mgodbolt/Sites/metalsmith-starter
17 error Darwin 15.2.0
18 error argv "/usr/local/bin/node" "/usr/local/bin/npm" "run" "build"
19 error node v4.2.1
20 error npm  v3.3.12
21 error code ELIFECYCLE
22 error @micahgodbolt/metalsmith-starter@2.0.0 build: `node metalsmith.js`
22 error Exit status 1
23 error Failed at the @micahgodbolt/metalsmith-starter@2.0.0 build script 'node metalsmith.js'.
23 error Make sure you have the latest version of node.js and npm installed.
23 error If you do, this is most likely a problem with the @micahgodbolt/metalsmith-starter package,
23 error not with npm itself.
23 error Tell the author that this fails on your system:
23 error     node metalsmith.js
23 error You can get their info via:
23 error     npm owner ls @micahgodbolt/metalsmith-starter
23 error There is likely additional logging output above.
24 verbose exit [ 1, true ]
